<?xml version="1.0" encoding="UTF-8"?>
<!-- Generated by org.testng.reporters.JUnitReportReporter -->
<testsuite skipped="0" hostname="DESKTOP-6340PUF" name="com.nopcommerce.AppTest" tests="1" failures="0" timestamp="2023-04-30T09:24:29 BST" time="0.016" errors="0">
  <testcase name="shouldAnswerWithTrue" time="0.016" classname="com.nopcommerce.AppTest"/>
  <system-out/>
</testsuite> <!-- com.nopcommerce.AppTest -->
